<?xml version="1.0" encoding="UTF-8"?>
<!-- Generated by org.testng.reporters.JUnitReportReporter -->
<testsuite skipped="0" hostname="LAPTOP-GGNV4G3P" name="com.prestashop.tests.Positive" tests="1" failures="0" timestamp="27 Jun 2018 18:02:56 GMT" time="18.058" errors="0">
  <testcase name="loginTest" time="18.058" classname="com.prestashop.tests.Positive"/>
</testsuite> <!-- com.prestashop.tests.Positive -->
