<?xml version="1.0" encoding="UTF-8"?>
<!-- Generated by org.testng.reporters.JUnitReportReporter -->
<testsuite skipped="0" hostname="LAPTOP-GGNV4G3P" name="com.prestashop.tests.Negative" tests="4" failures="0" timestamp="27 Jun 2018 18:05:22 GMT" time="31.419" errors="0">
  <testcase name="blankPassword" time="7.235" classname="com.prestashop.tests.Negative"/>
  <testcase name="blankEmail" time="9.622" classname="com.prestashop.tests.Negative"/>
  <testcase name="wrongCredentials" time="7.126" classname="com.prestashop.tests.Negative"/>
  <testcase name="invalidEmail" time="7.436" classname="com.prestashop.tests.Negative"/>
</testsuite> <!-- com.prestashop.tests.Negative -->
